<?xml version="1.0" encoding="UTF-8"?>
<!-- Generated by org.testng.reporters.JUnitReportReporter -->
<testsuite hostname="DESKTOP-LQ6L55O" failures="0" tests="1" name="Testcases.AddAccess_creation" time="0.120" errors="0" timestamp="2024-08-27T13:05:21 IST" skipped="0">
  <testcase classname="Testcases.AddAccess_creation" name="VERIFY_THAT_USER_IA_NAVIGATED_INTO_ACCESS_CREATION_PAGE_WHEN_CLICK_ON_ADD_ACCESS_BUTTON" time="0.120"/>
  <system-out/>
</testsuite> <!-- Testcases.AddAccess_creation -->
