<?xml version="1.0" encoding="UTF-8"?>
<!-- Generated by org.testng.reporters.JUnitReportReporter -->
<testsuite hostname="DESKTOP-LQ6L55O" failures="0" tests="16" name="Testcases.AddAccess_creation" time="45.990" errors="0" timestamp="2024-09-30T16:03:51 IST" skipped="0">
  <testcase classname="Testcases.AddAccess_creation" name="VERIFY_THAT_ADDACCESS_LINK_IS_CLICKED_BY_THE_USER_AND_NAVIAGTED_INTO_ACCESS_PAGE" time="2.109"/>
  <system-out/>
  <testcase classname="Testcases.AddAccess_creation" name="VERIFY_THAT_USER_IA_NAVIGATED_INTO_ACCESS_CREATION_PAGE_WHEN_CLICK_ON_ADD_ACCESS_BUTTON" time="2.130"/>
  <system-out/>
  <testcase classname="Testcases.AddAccess_creation" name="VERIFY_THAT_USER_ENTERING_THE_ACCESS_NAME_ON_ACCESS_FIELD" time="0.269"/>
  <system-out/>
  <testcase classname="Testcases.AddAccess_creation" name="VERIFY_THAT_USER_IS_SELECT_THE_LOCATION_FROM_THE_DROPDOWN" time="2.204"/>
  <system-out/>
  <testcase classname="Testcases.AddAccess_creation" name="VERIFY_THAT_USER_IS_ABLE_TO_SELECT_THE_NEXT_STEp_BUTTON_ON_ADD_ACCESS_PAGE" time="2.079"/>
  <system-out/>
  <testcase classname="Testcases.AddAccess_creation" name="VERIFY_THAT_USER_IS_SELECT_THE_LOCK_ID_FROM_THE_LOCKS_DROP_DOWN" time="4.245"/>
  <system-out/>
  <testcase classname="Testcases.AddAccess_creation" name="VERIFY_THAT_USER_IS_SELECT_THE_USER_NAME_FROM_THE_USERS_DROP_DOWN" time="2.464"/>
  <system-out/>
  <testcase classname="Testcases.AddAccess_creation" name="VERIFY_THAT_SEND_OTP_TO_USER_EMAIL_PHONE_OPTION_SELECTED_SUCCESSFULLY" time="0.102"/>
  <system-out/>
  <testcase classname="Testcases.AddAccess_creation" name="VERIFY_THAT_USER_IS_ABLE_TO_SELECT_THE_NEXT_STEP_BUTTON_ON_ADD_ACCESS_PAGE" time="2.129"/>
  <system-out/>
  <testcase classname="Testcases.AddAccess_creation" name="VERIFY_THAT_FROM_DATE_IS_SELECTED_FROM_THE_CURRENT_DATE_OF_SELECTION" time="6.194"/>
  <system-out/>
  <testcase classname="Testcases.AddAccess_creation" name="VERIFY_THAT_FROM_TIME_IS_SELECTED_SUCCESSFULLY" time="2.153"/>
  <system-out/>
  <testcase classname="Testcases.AddAccess_creation" name="VERIFY_THAT_TO_DATE_IS_SELECTED_AS_ONE_YEAR_FROM_THE_CURRENT_DATE" time="8.810"/>
  <system-out/>
  <testcase classname="Testcases.AddAccess_creation" name="VERIFY_THAT_TO_TIME_IS_SELECTED_SUCCESSFULLY" time="4.783"/>
  <system-out/>
  <testcase classname="Testcases.AddAccess_creation" name="VERIFY_THAT_EVERY_DATE_CHECK_BOX_IS_SELECTED_SUCCESSFULLY" time="2.117"/>
  <system-out/>
  <testcase classname="Testcases.AddAccess_creation" name="VERIFY_THAT_SELECTED_DATA_IS_DISPLAYED_ON_NEXT_PAGE_BY_CLICKING_ON_NEXT_STEP_BUTTON" time="2.107"/>
  <system-out/>
  <testcase classname="Testcases.AddAccess_creation" name="VERIFY_THAT_NEW_ACCESS_IS_CREATED_BY_CLICKING_ON_SUBMIT_BUTTON" time="2.095"/>
  <system-out/>
</testsuite> <!-- Testcases.AddAccess_creation -->
