<?xml version="1.0" encoding="UTF-8"?>
<!-- Generated by org.testng.reporters.JUnitReportReporter -->
<testsuite hostname="DESKTOP-LQ6L55O" failures="0" tests="10" name="Testcases.SafeLock_New_Location" time="20.808" errors="0" timestamp="2024-08-21T10:46:07 IST" skipped="0">
  <testcase classname="Testcases.SafeLock_New_Location" name="VERIFY_USER_NAVIGATED_INTO_LOCATION_PAGE" time="0.122"/>
  <system-out/>
  <testcase classname="Testcases.SafeLock_New_Location" name="VERIFY_THAT_ADD_LOCATION_PAGE_IS_NAVIGATED_BY_CLICKING_ON_PLUS_ICON" time="0.230"/>
  <system-out/>
  <testcase classname="Testcases.SafeLock_New_Location" name="VERIFY_THAT_ABLE_TO_SELECT_THE_COUNTRY_ON_THE_ADD_LOCATION_POPUP" time="0.305"/>
  <system-out/>
  <testcase classname="Testcases.SafeLock_New_Location" name="VERIFY_THAT_ABLE_TO_ENTER_THE_LOCATION_NAME_ALONG_WITH_STATE_NAME" time="0.116"/>
  <system-out/>
  <testcase classname="Testcases.SafeLock_New_Location" name="VERIFY_THAT_NEW_LOCATION_ADDED_SUCCESSFULLY_BY_CLICK_ON_SUBMIT" time="5.271"/>
  <system-out/>
  <testcase classname="Testcases.SafeLock_New_Location" name="VERIFY_THAT_CREATED_LOCATION_DISPLAYED_IN_LOCATION_GRID_SECTION" time="5.225"/>
  <system-out/>
  <testcase classname="Testcases.SafeLock_New_Location" name="VERIFY_THAT_LOCK_MAPPING_POPOUP_APPEARED_BY_CLICK_ON_LOCK_MAPPING_BUTTON" time="5.113"/>
  <system-out/>
  <testcase classname="Testcases.SafeLock_New_Location" name="VERIFY_THAT_USER_IS_ENTER_THE_LOCK_NAME_SUCCESSFULLY" time="0.155"/>
  <system-out/>
  <testcase classname="Testcases.SafeLock_New_Location" name="VERIFY_THAT_USER_IS_ABLE_TO_SELECT_THE_LOCK_ID_FROM_THE_DROP_DOWN_SUCCESSFULLY" time="0.158"/>
  <system-out/>
  <testcase classname="Testcases.SafeLock_New_Location" name="VERIFY_THAT_LOCK_MAPPED_WITH_SELECTED_LOCATION_BY_CLICK_ON_SUBMIT" time="4.113"/>
  <system-out/>
</testsuite> <!-- Testcases.SafeLock_New_Location -->
