<?xml version="1.0" encoding="UTF-8"?>
<!-- Generated by org.testng.reporters.JUnitReportReporter -->
<testsuite hostname="Test02" failures="0" tests="4" name="test.demo" time="0.011" errors="0" timestamp="2024-06-19T15:30:21 IST" skipped="0">
  <testcase classname="test.demo" name="four" time="0.004"/>
  <system-out/>
  <testcase classname="test.demo" name="three" time="0.001"/>
  <system-out/>
  <testcase classname="test.demo" name="one" time="0.004"/>
  <system-out/>
  <testcase classname="test.demo" name="two" time="0.002"/>
  <system-out/>
</testsuite> <!-- test.demo -->
