<?xml version="1.0" encoding="UTF-8"?>
<!-- Generated by org.testng.reporters.JUnitReportReporter -->
<testsuite hostname="DESKTOP-LQ6L55O" failures="0" tests="1" name="Testcases.SafeLock_Login" time="0.003" errors="0" timestamp="2024-09-30T16:03:51 IST" skipped="0">
  <testcase classname="Testcases.SafeLock_Login" name="VERIFY_THAT_SAFELOCK_CUSTOMER_URL_LAUNCHED_SUCCESSFULLY" time="0.003"/>
  <system-out/>
</testsuite> <!-- Testcases.SafeLock_Login -->
