<?xml version="1.0" encoding="UTF-8"?>
<!-- Generated by org.testng.reporters.JUnitReportReporter -->
<testsuite hostname="DESKTOP-LQ6L55O" failures="0" tests="12" name="Testcases.New_User_Creation" time="11.031" errors="0" timestamp="2024-09-06T12:55:03 IST" skipped="0">
  <testcase classname="Testcases.New_User_Creation" name="VERIFY_THAT_USER_MENU_IS_CLICKED_SUCCESSFULLY" time="0.164"/>
  <system-out/>
  <testcase classname="Testcases.New_User_Creation" name="VERIFY_THAT_USER_IS_NAVIGATED_INTO_ADD_USER_SECTION_WHEN_CLICK_ON_ADD_USER_BUTTON" time="0.296"/>
  <system-out/>
  <testcase classname="Testcases.New_User_Creation" name="VERIFY_THAT_USER_ENTER_THE_USERNAME_IN_USERNAME_FIELD" time="0.510"/>
  <system-out/>
  <testcase classname="Testcases.New_User_Creation" name="VERIFY_THAT_USER_ABLE_TO_ENTER_MAILID_SUCCESSFULLY" time="0.531"/>
  <system-out/>
  <testcase classname="Testcases.New_User_Creation" name="VERIFY_THAT_USER_ABLE_TO_SELECT_THE_INDIA_Dial_CODE" time="0.765"/>
  <system-out/>
  <testcase classname="Testcases.New_User_Creation" name="VERIFY_THAT_USER_IS_ABLE_TO_ENTER_THE_10_DIGIT_MOBILE_NUMBER_ON_MOBILE_NUMBER_FIELD" time="0.305"/>
  <system-out/>
  <testcase classname="Testcases.New_User_Creation" name="VERIFY_THAT_USER_IS_ABLE_TO_SELECT_THE_ACCESS_ROLE" time="1.437"/>
  <system-out/>
  <testcase classname="Testcases.New_User_Creation" name="VERIFY_THAT_USER_IS_ABLE_TO_SELECT_THE_LOCATION_LEVEL_AS_COUNTRY_IN_LEVEL_DROPDOWN" time="1.333"/>
  <system-out/>
  <testcase classname="Testcases.New_User_Creation" name="VERIFY_THAT_USER_IS_ABLE_TO_SELECT_THE_LOCATION_IN_LOCATION_FIELD" time="2.320"/>
  <system-out/>
  <testcase classname="Testcases.New_User_Creation" name="VERIFY_THAT_DEFAULT_PASSWORD_DISPLAYED_AS_ENCRYPED_FORMAT_IN_PASSWORD_FIELD" time="1.357"/>
  <system-out/>
  <testcase classname="Testcases.New_User_Creation" name="VERIFY_THAT_CONFIRM_PASSWORD_IS_FILLED_WITH_DEFAULT_PASSWORD" time="1.344"/>
  <system-out/>
  <testcase classname="Testcases.New_User_Creation" name="VERIFY_THAT_NEW_USER_IS_CREATED_SUCCESSFULLY_BY_CLICKING_THE_SUBMIT_BUTTON" time="0.669"/>
  <system-out/>
</testsuite> <!-- Testcases.New_User_Creation -->
