<?xml version="1.0" encoding="UTF-8"?>
<!-- Generated by org.testng.reporters.JUnitReportReporter -->
<testsuite hostname="DESKTOP-LQ6L55O" failures="0" tests="4" name="test.SafeLock_Testcases" time="1.492" errors="0" timestamp="2024-08-09T17:47:52 IST" skipped="0">
  <testcase classname="test.SafeLock_Testcases" name="VERIFY_THAT_SAFELOCK_CUSTOMER_URL_LAUNCHED_SUCCESSFULLY" time="1.102"/>
  <system-out/>
  <testcase classname="test.SafeLock_Testcases" name="VERIFY_THAT_EMAIL_IS_ENTERED_ON_EMAIL_ID_FIELD" time="0.232"/>
  <system-out/>
  <testcase classname="test.SafeLock_Testcases" name="VERIFY_THAT_PASSWORD_IS_ENTERED_ON_PASSWORD_FIELD" time="0.094"/>
  <system-out/>
  <testcase classname="test.SafeLock_Testcases" name="VERIFY_THAT_LOGGED_IN_SUCCESSFULLY" time="0.064"/>
  <system-out/>
</testsuite> <!-- test.SafeLock_Testcases -->
